<?xml version="1.0" encoding="UTF-8"?>
<!-- Generated by org.testng.reporters.JUnitXMLReporter -->
<testsuite ignored="0" hostname="NGL000106" failures="6" tests="11" name="TestRegistration11" time="69.113" errors="0" timestamp="2021-09-23T12:08:13 IST">
  <testcase classname="test.register.Test1Registration" name="RegTest_01" time="1.604"/>
  <testcase classname="test.register.Test1Registration" name="RegTest_02" time="0.229">
    <failure type="java.lang.AssertionError" message="expected [rgb(31, 182, 255)] but found [rgba(31, 182, 255, 1)]">
      <![CDATA[java.lang.AssertionError: expected [rgb(31, 182, 255)] but found [rgba(31, 182, 255, 1)]
at test.register.Test1Registration.RegTest_02(Test1Registration.java:44)
at java.base/java.util.ArrayList.forEach(ArrayList.java:1511)
... Removed 33 stack frames]]>
    </failure>
  </testcase> <!-- RegTest_02 -->
  <testcase classname="test.register.Test1Registration" name="RegTest_03" time="0.208"/>
  <testcase classname="test.register.Test1Registration" name="RegTest_04" time="0.581"/>
  <testcase classname="test.register.Test2Registration" name="RegTest_05" time="8.983"/>
  <testcase classname="test.register.Test2Registration" name="RegTest_06" time="6.801">
    <failure type="java.lang.AssertionError" message="Failed to register">
      <![CDATA[java.lang.AssertionError: Failed to register
at test.register.Test2Registration.RegTest_05(Test2Registration.java:46)
at test.register.Test2Registration.RegTest_06(Test2Registration.java:56)
at java.base/java.util.ArrayList.forEach(ArrayList.java:1511)
... Removed 28 stack frames]]>
    </failure>
  </testcase> <!-- RegTest_06 -->
  <testcase classname="test.register.Test2Registration" name="RegTest_07" time="7.386"/>
  <testcase classname="test.register.Test2Registration" name="RegTest_08" time="6.71">
    <failure type="java.lang.AssertionError" message="Failed to register">
      <![CDATA[java.lang.AssertionError: Failed to register
at test.register.Test2Registration.RegTest_05(Test2Registration.java:46)
at test.register.Test2Registration.RegTest_08(Test2Registration.java:74)
at java.base/java.util.ArrayList.forEach(ArrayList.java:1511)
... Removed 28 stack frames]]>
    </failure>
  </testcase> <!-- RegTest_08 -->
  <testcase classname="test.register.TestRegistration3" name="RegTest_09" time="8.177">
    <failure type="java.lang.AssertionError" message="Failed to register">
      <![CDATA[java.lang.AssertionError: Failed to register
at test.register.TestRegistration3.RegTest_09(TestRegistration3.java:60)
at java.base/java.util.ArrayList.forEach(ArrayList.java:1511)
... Removed 28 stack frames]]>
    </failure>
  </testcase> <!-- RegTest_09 -->
  <testcase classname="test.register.TestRegistration3" name="RegTest_09" time="6.899">
    <failure type="java.lang.AssertionError" message="Failed to register">
      <![CDATA[java.lang.AssertionError: Failed to register
at test.register.TestRegistration3.RegTest_09(TestRegistration3.java:60)
at java.base/java.util.ArrayList.forEach(ArrayList.java:1511)
... Removed 28 stack frames]]>
    </failure>
  </testcase> <!-- RegTest_09 -->
  <testcase classname="test.register.TestRegistration3" name="RegTest_11" time="7.11">
    <failure type="java.lang.AssertionError" message="Failed to register">
      <![CDATA[java.lang.AssertionError: Failed to register
at test.register.TestRegistration3.RegTest_11(TestRegistration3.java:91)
at java.base/java.util.ArrayList.forEach(ArrayList.java:1511)
... Removed 28 stack frames]]>
    </failure>
  </testcase> <!-- RegTest_11 -->
</testsuite> <!-- TestRegistration11 -->
